0 info it worked if it ends with ok
1 verbose cli [ 'node', '/usr/local/bin/npm', 'info', 'redis-utils' ]
2 info using npm@1.1.59
3 info using node@v0.8.8
4 verbose url raw redis-utils
5 verbose url resolving [ 'https://registry.npmjs.org/', './redis-utils' ]
6 verbose url resolved https://registry.npmjs.org/redis-utils
7 info retry registry request attempt 1 at 16:22:14
8 http GET https://registry.npmjs.org/redis-utils
9 http 404 https://registry.npmjs.org/redis-utils
10 silly registry.get cb [ 404,
10 silly registry.get   { server: 'CouchDB/1.2.0 (Erlang OTP/R15B)',
10 silly registry.get     date: 'Sat, 06 Oct 2012 15:22:15 GMT',
10 silly registry.get     'content-type': 'application/json',
10 silly registry.get     'content-length': '52',
10 silly registry.get     'cache-control': 'must-revalidate' } ]
11 error 404 'redis-utils' is not in the npm registry.
11 error 404 You should bug the author to publish it
11 error 404
11 error 404 Note that you can also install from a
11 error 404 tarball, folder, or http url, or git url.
12 error System Darwin 11.2.0
13 error command "node" "/usr/local/bin/npm" "info" "redis-utils"
14 error cwd /Users/ramitos/Dropbox/dev/redis-utils
15 error node -v v0.8.8
16 error npm -v 1.1.59
17 error code E404
18 verbose exit [ 1, true ]
